#
# A fatal error has been detected by the Java Runtime Environment:
#
#  Internal Error (javaCalls.cpp:51), pid=4384, tid=0x000000000000145c
#  guarantee(thread->is_Java_thread()) failed: crucial check - the VM thread cannot and must not escape to Java code
#
# JRE version: Java(TM) SE Runtime Environment (8.0_201-b09) (build 1.8.0_201-b09)
# Java VM: Java HotSpot(TM) 64-Bit Server VM (25.201-b09 mixed mode windows-amd64 compressed oops)
# Failed to write core dump. Minidumps are not enabled by default on client versions of Windows
#
# If you would like to submit a bug report, please visit:
#   http://bugreport.java.com/bugreport/crash.jsp
#

---------------  T H R E A D  ---------------

Current thread (0x0000000017618000):  VMThread [stack: 0x00000000186b0000,0x00000000187b0000] [id=5212]

Stack: [0x00000000186b0000,0x00000000187b0000]
[error occurred during error reporting (printing stack bounds), id 0xc0000005]

Native frames: (J=compiled Java code, j=interpreted, Vv=VM code, C=native code)

VM_Operation (0x00000000190ef400): GetOrSetLocal, mode: safepoint, requested by thread 0x0000000017662000


---------------  P R O C E S S  ---------------

Java Threads: ( => current thread )
  0x000000001a864800 JavaThread "Okio Watchdog" daemon [_thread_blocked, id=16160, stack(0x000000001c3c0000,0x000000001c4c0000)]
  0x0000000019cfc000 JavaThread "Exec Stream Pumper" daemon [_thread_in_native, id=14980, stack(0x000000001bec0000,0x000000001bfc0000)]
  0x000000001a993800 JavaThread "Exec Stream Pumper" daemon [_thread_in_native, id=8388, stack(0x000000001bdc0000,0x000000001bec0000)]
  0x000000001a2dc000 JavaThread "Exec Default Executor" daemon [_thread_in_native, id=16576, stack(0x000000001bbc0000,0x000000001bcc0000)]
  0x0000000019de4000 JavaThread "ReaderThread" [_thread_in_native, id=7128, stack(0x000000001a4f0000,0x000000001a5f0000)]
  0x000000001953f000 JavaThread "Service Thread" daemon [_thread_blocked, id=14840, stack(0x00000000199f0000,0x0000000019af0000)]
  0x0000000019518800 JavaThread "C1 CompilerThread2" daemon [_thread_blocked, id=11996, stack(0x00000000198f0000,0x00000000199f0000)]
  0x0000000017683000 JavaThread "C2 CompilerThread1" daemon [_thread_blocked, id=16348, stack(0x00000000193f0000,0x00000000194f0000)]
  0x0000000017681800 JavaThread "C2 CompilerThread0" daemon [_thread_blocked, id=2000, stack(0x00000000192f0000,0x00000000193f0000)]
  0x0000000017672800 JavaThread "JDWP Command Reader" daemon [_thread_in_native, id=8088, stack(0x00000000191f0000,0x00000000192f0000)]
  0x000000001766f000 JavaThread "JDWP Event Helper Thread" daemon [_thread_blocked, id=13172, stack(0x00000000190f0000,0x00000000191f0000)]
  0x0000000017662000 JavaThread "JDWP Transport Listener: dt_socket" daemon [_thread_blocked, id=13356, stack(0x0000000018ff0000,0x00000000190f0000)]
  0x0000000017657000 JavaThread "Attach Listener" daemon [_thread_blocked, id=12240, stack(0x0000000018bb0000,0x0000000018cb0000)]
  0x0000000017655800 JavaThread "Signal Dispatcher" daemon [_thread_blocked, id=15528, stack(0x0000000018ab0000,0x0000000018bb0000)]
  0x0000000002b1d800 JavaThread "Finalizer" daemon [_thread_blocked, id=1840, stack(0x00000000188b0000,0x00000000189b0000)]
  0x000000001763a000 JavaThread "Reference Handler" daemon [_thread_blocked, id=15072, stack(0x00000000187b0000,0x00000000188b0000)]
  0x0000000002a23800 JavaThread "main" [_thread_blocked, id=13180, stack(0x0000000002920000,0x0000000002a20000)]

Other Threads:
=>0x0000000017618000 VMThread [stack: 0x00000000186b0000,0x00000000187b0000] [id=5212]
  0x0000000019545800 WatcherThread [stack: 0x0000000019af0000,0x0000000019bf0000] [id=14356]

VM state:at safepoint (normal execution)

VM Mutex/Monitor currently owned by a thread:  ([mutex/lock_event])
[0x0000000002a205d0] Threads_lock - owner thread: 0x0000000017618000

heap address: 0x0000000081c00000, size: 2020 MB, Compressed Oops mode: 32-bit
Narrow klass base: 0x0000000000000000, Narrow klass shift: 3
Compressed class space size: 1073741824 Address: 0x0000000100000000

Heap:
 PSYoungGen      total 38400K, used 30657K [0x00000000d5f00000, 0x00000000d8980000, 0x0000000100000000)
  eden space 33280K, 76% used [0x00000000d5f00000,0x00000000d77f2248,0x00000000d7f80000)
  from space 5120K, 99% used [0x00000000d7f80000,0x00000000d847e258,0x00000000d8480000)
  to   space 5120K, 0% used [0x00000000d8480000,0x00000000d8480000,0x00000000d8980000)
 ParOldGen       total 87552K, used 1818K [0x0000000081c00000, 0x0000000087180000, 0x00000000d5f00000)
  object space 87552K, 2% used [0x0000000081c00000,0x0000000081dc6918,0x0000000087180000)
 Metaspace       used 17881K, capacity 18718K, committed 18816K, reserved 1064960K
  class space    used 2206K, capacity 2425K, committed 2432K, reserved 1048576K

Card table byte_map: [0x0000000011ee0000,0x00000000122e0000] byte_map_base: 0x0000000011ad2000

Marking Bits: (ParMarkBitMap*) 0x0000000075974ce0
 Begin Bits: [0x0000000012990000, 0x0000000014920000)
 End Bits:   [0x0000000014920000, 0x00000000168b0000)

Polling page: 0x0000000000bc0000

CodeCache: size=245760Kb used=5813Kb max_used=5813Kb free=239946Kb
 bounds [0x0000000002b20000, 0x00000000030e0000, 0x0000000011b20000]
 total_blobs=2082 nmethods=1670 adapters=332
 compilation: enabled

Compilation events (10 events):
Event: 44.622 Thread 0x0000000019518800 1671   !   3       java.io.BufferedWriter::write (117 bytes)
Event: 44.625 Thread 0x0000000019518800 nmethod 1671 0x00000000030cb910 code [0x00000000030cbae0, 0x00000000030cc288]
Event: 44.625 Thread 0x0000000019518800 1672       3       java.io.BufferedWriter::min (9 bytes)
Event: 44.626 Thread 0x0000000019518800 nmethod 1672 0x00000000030cc750 code [0x00000000030cc8a0, 0x00000000030cca30]
Event: 44.626 Thread 0x0000000019518800 1673       1       org.testng.shaded.com.google.gson.reflect.TypeToken::getType (5 bytes)
Event: 44.626 Thread 0x0000000019518800 nmethod 1673 0x00000000030cca90 code [0x00000000030ccbe0, 0x00000000030cccf0]
Event: 44.636 Thread 0x0000000019518800 1674       3       sun.reflect.annotation.AnnotationInvocationHandler::memberValueEquals (266 bytes)
Event: 44.640 Thread 0x0000000019518800 nmethod 1674 0x00000000030ccd50 code [0x00000000030cd040, 0x00000000030cec28]
Event: 44.640 Thread 0x0000000019518800 1675       3       org.testng.shaded.com.google.gson.internal.Excluder::isAnonymousOrLocal (29 bytes)
Event: 44.643 Thread 0x0000000019518800 nmethod 1675 0x00000000030cf0d0 code [0x00000000030cf2e0, 0x00000000030cfe08]

GC Heap History (2 events):
Event: 6.425 GC heap before
{Heap before GC invocations=1 (full 0):
 PSYoungGen      total 38400K, used 33280K [0x00000000d5f00000, 0x00000000d8980000, 0x0000000100000000)
  eden space 33280K, 100% used [0x00000000d5f00000,0x00000000d7f80000,0x00000000d7f80000)
  from space 5120K, 0% used [0x00000000d8480000,0x00000000d8480000,0x00000000d8980000)
  to   space 5120K, 0% used [0x00000000d7f80000,0x00000000d7f80000,0x00000000d8480000)
 ParOldGen       total 87552K, used 0K [0x0000000081c00000, 0x0000000087180000, 0x00000000d5f00000)
  object space 87552K, 0% used [0x0000000081c00000,0x0000000081c00000,0x0000000087180000)
 Metaspace       used 13767K, capacity 14118K, committed 14336K, reserved 1062912K
  class space    used 1608K, capacity 1753K, committed 1792K, reserved 1048576K
Event: 6.449 GC heap after
Heap after GC invocations=1 (full 0):
 PSYoungGen      total 38400K, used 5112K [0x00000000d5f00000, 0x00000000d8980000, 0x0000000100000000)
  eden space 33280K, 0% used [0x00000000d5f00000,0x00000000d5f00000,0x00000000d7f80000)
  from space 5120K, 99% used [0x00000000d7f80000,0x00000000d847e258,0x00000000d8480000)
  to   space 5120K, 0% used [0x00000000d8480000,0x00000000d8480000,0x00000000d8980000)
 ParOldGen       total 87552K, used 1818K [0x0000000081c00000, 0x0000000087180000, 0x00000000d5f00000)
  object space 87552K, 2% used [0x0000000081c00000,0x0000000081dc6918,0x0000000087180000)
 Metaspace       used 13767K, capacity 14118K, committed 14336K, reserved 1062912K
  class space    used 1608K, capacity 1753K, committed 1792K, reserved 1048576K
}

Deoptimization events (10 events):
Event: 7.793 Thread 0x000000001a258800 Uncommon trap: reason=unstable_if action=reinterpret pc=0x0000000002e918ec method=java.lang.CharacterDataLatin1.digit(II)I @ 82
Event: 7.949 Thread 0x0000000002a23800 Uncommon trap: reason=range_check action=none pc=0x0000000002e3b0dc method=sun.reflect.generics.parser.SignatureParser.current()C @ 34
Event: 7.949 Thread 0x0000000002a23800 Uncommon trap: reason=range_check action=none pc=0x0000000002e3b0dc method=sun.reflect.generics.parser.SignatureParser.current()C @ 34
Event: 7.951 Thread 0x0000000002a23800 Uncommon trap: reason=range_check action=none pc=0x0000000002e3b0dc method=sun.reflect.generics.parser.SignatureParser.current()C @ 34
Event: 7.952 Thread 0x0000000002a23800 Uncommon trap: reason=range_check action=none pc=0x0000000002e3b0dc method=sun.reflect.generics.parser.SignatureParser.current()C @ 34
Event: 8.254 Thread 0x0000000002a23800 Uncommon trap: reason=class_check action=maybe_recompile pc=0x0000000002f8da80 method=java.util.regex.Matcher.search(I)Z @ 86
Event: 8.255 Thread 0x0000000002a23800 Uncommon trap: reason=class_check action=maybe_recompile pc=0x0000000002f8da80 method=java.util.regex.Matcher.search(I)Z @ 86
Event: 8.255 Thread 0x0000000002a23800 Uncommon trap: reason=class_check action=maybe_recompile pc=0x0000000002f8da80 method=java.util.regex.Matcher.search(I)Z @ 86
Event: 8.255 Thread 0x0000000002a23800 Uncommon trap: reason=class_check action=maybe_recompile pc=0x0000000002f8da80 method=java.util.regex.Matcher.search(I)Z @ 86
Event: 8.493 Thread 0x0000000002a23800 Uncommon trap: reason=unstable_if action=reinterpret pc=0x0000000002ea2428 method=java.util.regex.Pattern$BmpCharProperty.match(Ljava/util/regex/Matcher;ILjava/lang/CharSequence;)Z @ 34

Classes redefined (3 events):
Event: 253.411 Thread 0x0000000017618000 redefined class name=testscripts.TC1, count=1
Event: 261.714 Thread 0x0000000017618000 redefined class name=testscripts.TC1, count=2
Event: 1062.886 Thread 0x0000000017618000 redefined class name=testscripts.TC1, count=3

Internal exceptions (10 events):
Event: 29.889 Thread 0x0000000002a23800 Exception <a 'java/net/SocketTimeoutException': Read timed out> (0x00000000d75de4d8) thrown at [C:\re\workspace\8-2-build-windows-amd64-cygwin\jdk8u201\12322\hotspot\src\share\vm\prims\jni.cpp, line 735]
Event: 39.022 Thread 0x0000000002a23800 Exception <a 'java/net/SocketTimeoutException': Read timed out> (0x00000000d75f11e8) thrown at [C:\re\workspace\8-2-build-windows-amd64-cygwin\jdk8u201\12322\hotspot\src\share\vm\prims\jni.cpp, line 735]
Event: 39.068 Thread 0x0000000002a23800 Exception <a 'java/net/SocketTimeoutException': Read timed out> (0x00000000d760b358) thrown at [C:\re\workspace\8-2-build-windows-amd64-cygwin\jdk8u201\12322\hotspot\src\share\vm\prims\jni.cpp, line 735]
Event: 39.194 Thread 0x0000000002a23800 Exception <a 'java/lang/NoSuchMethodError': java.lang.Object.of(Ljava/lang/Object;)Ljava/util/stream/Stream;> (0x00000000d7613088) thrown at [C:\re\workspace\8-2-build-windows-amd64-cygwin\jdk8u201\12322\hotspot\src\share\vm\interpreter\linkResolver.cpp, 
Event: 39.217 Thread 0x0000000002a23800 Exception <a 'java/net/SocketTimeoutException': Read timed out> (0x00000000d7642218) thrown at [C:\re\workspace\8-2-build-windows-amd64-cygwin\jdk8u201\12322\hotspot\src\share\vm\prims\jni.cpp, line 735]
Event: 39.887 Thread 0x0000000002a23800 Exception <a 'java/net/SocketTimeoutException': Read timed out> (0x00000000d76550a8) thrown at [C:\re\workspace\8-2-build-windows-amd64-cygwin\jdk8u201\12322\hotspot\src\share\vm\prims\jni.cpp, line 735]
Event: 39.948 Thread 0x0000000002a23800 Exception <a 'java/net/SocketTimeoutException': Read timed out> (0x00000000d766df40) thrown at [C:\re\workspace\8-2-build-windows-amd64-cygwin\jdk8u201\12322\hotspot\src\share\vm\prims\jni.cpp, line 735]
Event: 40.077 Thread 0x0000000002a23800 Exception <a 'java/net/SocketTimeoutException': Read timed out> (0x00000000d7688258) thrown at [C:\re\workspace\8-2-build-windows-amd64-cygwin\jdk8u201\12322\hotspot\src\share\vm\prims\jni.cpp, line 735]
Event: 40.336 Thread 0x0000000002a23800 Exception <a 'java/net/SocketTimeoutException': Read timed out> (0x00000000d769b0c0) thrown at [C:\re\workspace\8-2-build-windows-amd64-cygwin\jdk8u201\12322\hotspot\src\share\vm\prims\jni.cpp, line 735]
Event: 40.398 Thread 0x0000000002a23800 Exception <a 'java/net/SocketTimeoutException': Read timed out> (0x00000000d76b3fd0) thrown at [C:\re\workspace\8-2-build-windows-amd64-cygwin\jdk8u201\12322\hotspot\src\share\vm\prims\jni.cpp, line 735]

Events (10 events):
Event: 1066.788 Executing VM operation: GetOrSetLocal done
Event: 1066.789 Executing VM operation: GetOrSetLocal
Event: 1066.790 Executing VM operation: GetOrSetLocal done
Event: 1066.791 Executing VM operation: GetOrSetLocal
Event: 1066.791 Executing VM operation: GetOrSetLocal done
Event: 1066.793 Executing VM operation: GetOrSetLocal
Event: 1066.793 Executing VM operation: GetOrSetLocal done
Event: 1066.795 Executing VM operation: GetOrSetLocal
Event: 1066.795 Executing VM operation: GetOrSetLocal done
Event: 1067.515 Executing VM operation: GetOrSetLocal


Dynamic libraries:
0x00007ff6186d0000 - 0x00007ff618707000 	C:\Program Files\Java\jdk1.8.0_201\bin\javaw.exe
0x00007ff812a30000 - 0x00007ff812c1d000 	C:\WINDOWS\SYSTEM32\ntdll.dll
0x00007ff8113d0000 - 0x00007ff811483000 	C:\WINDOWS\System32\KERNEL32.DLL
0x00007ff80ebb0000 - 0x00007ff80ee45000 	C:\WINDOWS\System32\KERNELBASE.dll
0x00007ff80fcd0000 - 0x00007ff80fd73000 	C:\WINDOWS\System32\ADVAPI32.dll
0x00007ff811280000 - 0x00007ff81131e000 	C:\WINDOWS\System32\msvcrt.dll
0x00007ff811c60000 - 0x00007ff811cff000 	C:\WINDOWS\System32\sechost.dll
0x00007ff811600000 - 0x00007ff811722000 	C:\WINDOWS\System32\RPCRT4.dll
0x00007ff812750000 - 0x00007ff8128e7000 	C:\WINDOWS\System32\USER32.dll
0x00007ff80f900000 - 0x00007ff80f920000 	C:\WINDOWS\System32\win32u.dll
0x00007ff812250000 - 0x00007ff812279000 	C:\WINDOWS\System32\GDI32.dll
0x00007ff80f6b0000 - 0x00007ff80f84c000 	C:\WINDOWS\System32\gdi32full.dll
0x00007ff80ee50000 - 0x00007ff80eef0000 	C:\WINDOWS\System32\msvcp_win.dll
0x00007ff80f9d0000 - 0x00007ff80faca000 	C:\WINDOWS\System32\ucrtbase.dll
0x00007ff8058d0000 - 0x00007ff805b49000 	C:\WINDOWS\WinSxS\amd64_microsoft.windows.common-controls_6595b64144ccf1df_6.0.17763.1637_none_de704308534c3ec5\COMCTL32.dll
0x00007ff811ec0000 - 0x00007ff8121ee000 	C:\WINDOWS\System32\combase.dll
0x00007ff80f950000 - 0x00007ff80f9cf000 	C:\WINDOWS\System32\bcryptPrimitives.dll
0x00007ff8117b0000 - 0x00007ff8117de000 	C:\WINDOWS\System32\IMM32.DLL
0x0000000075a00000 - 0x0000000075ad1000 	C:\Program Files\Java\jdk1.8.0_201\jre\bin\msvcr100.dll
0x0000000075150000 - 0x00000000759f4000 	C:\Program Files\Java\jdk1.8.0_201\jre\bin\server\jvm.dll
0x00007ff812470000 - 0x00007ff812478000 	C:\WINDOWS\System32\PSAPI.DLL
0x00007ff806770000 - 0x00007ff806794000 	C:\WINDOWS\SYSTEM32\WINMM.dll
0x00007ff809e00000 - 0x00007ff809e09000 	C:\WINDOWS\SYSTEM32\WSOCK32.dll
0x00007ff8123e0000 - 0x00007ff81244d000 	C:\WINDOWS\System32\WS2_32.dll
0x00007ff8042a0000 - 0x00007ff8042aa000 	C:\WINDOWS\SYSTEM32\VERSION.dll
0x00007ff806740000 - 0x00007ff80676d000 	C:\WINDOWS\SYSTEM32\WINMMBASE.dll
0x00007ff80eb60000 - 0x00007ff80ebaa000 	C:\WINDOWS\System32\cfgmgr32.dll
0x00007ff80a1d0000 - 0x00007ff80a1df000 	C:\Program Files\Java\jdk1.8.0_201\jre\bin\verify.dll
0x00007ff807dc0000 - 0x00007ff807de9000 	C:\Program Files\Java\jdk1.8.0_201\jre\bin\java.dll
0x00007ff803040000 - 0x00007ff803075000 	C:\Program Files\Java\jdk1.8.0_201\jre\bin\jdwp.dll
0x00007ff80a1c0000 - 0x00007ff80a1c8000 	C:\Program Files\Java\jdk1.8.0_201\jre\bin\npt.dll
0x00007ff807f90000 - 0x00007ff807fa6000 	C:\Program Files\Java\jdk1.8.0_201\jre\bin\zip.dll
0x00007ff80fd80000 - 0x00007ff811279000 	C:\WINDOWS\System32\SHELL32.dll
0x00007ff812950000 - 0x00007ff8129f8000 	C:\WINDOWS\System32\shcore.dll
0x00007ff80ef50000 - 0x00007ff80f6a3000 	C:\WINDOWS\System32\windows.storage.dll
0x00007ff80ea90000 - 0x00007ff80eab4000 	C:\WINDOWS\System32\profapi.dll
0x00007ff80eac0000 - 0x00007ff80eb1d000 	C:\WINDOWS\System32\powrprof.dll
0x00007ff8121f0000 - 0x00007ff812242000 	C:\WINDOWS\System32\shlwapi.dll
0x00007ff80eb40000 - 0x00007ff80eb51000 	C:\WINDOWS\System32\kernel.appcore.dll
0x00007ff80fad0000 - 0x00007ff80fae7000 	C:\WINDOWS\System32\cryptsp.dll
0x00007ff809340000 - 0x00007ff809349000 	C:\Program Files\Java\jdk1.8.0_201\jre\bin\dt_socket.dll
0x00007ffffe870000 - 0x00007ffffe886000 	C:\WINDOWS\system32\napinsp.dll
0x00007ffffe850000 - 0x00007ffffe86a000 	C:\WINDOWS\system32\pnrpnsp.dll
0x00007ff80e300000 - 0x00007ff80e367000 	C:\WINDOWS\System32\mswsock.dll
0x00007ff80e060000 - 0x00007ff80e126000 	C:\WINDOWS\SYSTEM32\DNSAPI.dll
0x00007ff811eb0000 - 0x00007ff811eb8000 	C:\WINDOWS\System32\NSI.dll
0x00007ff80e020000 - 0x00007ff80e05d000 	C:\WINDOWS\SYSTEM32\IPHLPAPI.DLL
0x00007ffff36d0000 - 0x00007ffff36de000 	C:\WINDOWS\System32\winrnr.dll
0x00007ff80a0f0000 - 0x00007ff80a10b000 	C:\WINDOWS\system32\NLAapi.dll
0x00007ff8097a0000 - 0x00007ff8097b5000 	C:\WINDOWS\system32\wshbth.dll
0x00007ff805800000 - 0x00007ff805879000 	C:\WINDOWS\System32\fwpuclnt.dll
0x00007ff80f920000 - 0x00007ff80f946000 	C:\WINDOWS\System32\bcrypt.dll
0x00007ff805760000 - 0x00007ff80576a000 	C:\Windows\System32\rasadhlp.dll
0x00007ff807f30000 - 0x00007ff807f4a000 	C:\Program Files\Java\jdk1.8.0_201\jre\bin\net.dll
0x00007ff805ed0000 - 0x00007ff8060a8000 	C:\WINDOWS\SYSTEM32\urlmon.dll
0x00007ff802730000 - 0x00007ff8029d9000 	C:\WINDOWS\SYSTEM32\iertutil.dll
0x00007ff80e4d0000 - 0x00007ff80e4dc000 	C:\WINDOWS\SYSTEM32\CRYPTBASE.DLL
0x00007ff80de20000 - 0x00007ff80de53000 	C:\WINDOWS\system32\rsaenh.dll
0x00007ff80e990000 - 0x00007ff80e9b9000 	C:\WINDOWS\SYSTEM32\USERENV.dll
0x00007ff8089d0000 - 0x00007ff8089e6000 	C:\WINDOWS\SYSTEM32\dhcpcsvc6.DLL
0x00007ff808ae0000 - 0x00007ff808afc000 	C:\WINDOWS\SYSTEM32\dhcpcsvc.DLL
0x00007ff805300000 - 0x00007ff805311000 	C:\Program Files\Java\jdk1.8.0_201\jre\bin\nio.dll
0x00007ff803010000 - 0x00007ff803034000 	C:\Program Files\Java\jdk1.8.0_201\jre\bin\sunec.dll
0x00007ff8080d0000 - 0x00007ff8080db000 	C:\Program Files\Java\jdk1.8.0_201\jre\bin\sunmscapi.dll
0x00007ff80faf0000 - 0x00007ff80fccc000 	C:\WINDOWS\System32\CRYPT32.dll
0x00007ff80eb20000 - 0x00007ff80eb32000 	C:\WINDOWS\System32\MSASN1.dll

VM Arguments:
jvm_args: -agentlib:jdwp=transport=dt_socket,suspend=y,address=localhost:61716 -ea -Dfile.encoding=Cp1252 
java_command: org.testng.remote.RemoteTestNG -serport 61713 -protocol json -d C:\Users\Piyush\eclipse-workspace\DemoProjectATC\test-output C:\Users\Piyush\eclipse-workspace\DemoProjectATC\testng.xml
java_class_path (initial): C:\Users\Piyush\eclipse\jee-2020-06\eclipse\configuration\org.eclipse.osgi\964\0\.cp\lib\testng-remote.jar;C:\Users\Piyush\eclipse-workspace\DemoProjectATC\target\test-classes;C:\Users\Piyush\eclipse-workspace\DemoProjectATC\target\classes;C:\Users\Piyush\.p2\pool\plugins\org.testng_7.3.0.r202008060316.jar;C:\Users\Piyush\.p2\pool\plugins\com.beust.jcommander_1.78.0.jar;C:\Users\Piyush\.p2\pool\plugins\org.apache-extras.beanshell.bsh_2.0.0.b6.jar;C:\Users\Piyush\.p2\pool\plugins\org.yaml.snakeyaml_1.21.0.jar;C:\Users\Piyush\.m2\repository\org\seleniumhq\selenium\selenium-java\3.141.59\selenium-java-3.141.59.jar;C:\Users\Piyush\.m2\repository\org\seleniumhq\selenium\selenium-api\3.141.59\selenium-api-3.141.59.jar;C:\Users\Piyush\.m2\repository\org\seleniumhq\selenium\selenium-chrome-driver\3.141.59\selenium-chrome-driver-3.141.59.jar;C:\Users\Piyush\.m2\repository\org\seleniumhq\selenium\selenium-edge-driver\3.141.59\selenium-edge-driver-3.141.59.jar;C:\Users\Piyush\.m2\repository\org\seleniumhq\selenium\selenium-firefox-driver\3.141.59\selenium-firefox-driver-3.141.59.jar;C:\Users\Piyush\.m2\repository\org\seleniumhq\selenium\selenium-ie-driver\3.141.59\selenium-ie-driver-3.141.59.jar;C:\Users\Piyush\.m2\repository\org\seleniumhq\selenium\selenium-opera-driver\3.141.59\selenium-opera-driver-3.141.59.jar;C:\Users\Piyush\.m2\repository\org\seleniumhq\selenium\selenium-remote-driver\3.141.59\selenium-remote-driver-3.141.59.jar;C:\Users\Piyush\.m2\repository\org\seleniumhq\selenium\selenium-safari-driver\3.141.59\selenium-safari-driver-3.141.59.jar;C:\Users\Piyush\.m2\repository\org\seleniumhq\selenium\selenium-support\3.141.59\selenium-support-3.141.59.jar;C:\Users\Piyush\.m2\repository\net\bytebuddy\byte-buddy\1.8.15\byte-buddy-1.8.15.jar;C:\Users\Piyush\.m2\repository\org\apache\commons\commons-exec\1.3\commons-exec-1.3.jar;C:\Users\Piyush\.m2\repository\com\google\guava\guava\25.0-jre\guava-25.0-jre.jar;C:\Users\Piyush\.m2\repository\com
Launcher Type: SUN_STANDARD

Environment Variables:
JAVA_HOME=C:\Program Files\Java\jdk1.8.0_201
PATH=C:\Program Files\Java\jdk1.8.0_201\jre\bin;C:/Users/Piyush/.p2/pool/plugins/org.eclipse.justj.openjdk.hotspot.jre.full.win32.x86_64_15.0.1.v20201027-0507/jre/bin/server;C:/Users/Piyush/.p2/pool/plugins/org.eclipse.justj.openjdk.hotspot.jre.full.win32.x86_64_15.0.1.v20201027-0507/jre/bin;C:\Program Files (x86)\Common Files\Oracle\Java\javapath;C:\WINDOWS\system32;C:\WINDOWS;C:\WINDOWS\System32\Wbem;C:\WINDOWS\System32\WindowsPowerShell\v1.0\;C:\Program Files\Java\jdk1.8.0_201\bin;D:\Softwares\apache-maven-3.6.0\bin;C:\WINDOWS\System32\OpenSSH\;C:\Program Files\dotnet\;C:\Program Files\Microsoft SQL Server\130\Tools\Binn\;C:\Program Files\Microsoft SQL Server\Client SDK\ODBC\170\Tools\Binn\;C:\Program Files\Git\cmd;C:\Program Files\PuTTY\;C:\Users\Piyush\AppData\Local\Microsoft\WindowsApps;;C:\WINDOWS\system32;
USERNAME=Piyush
OS=Windows_NT
PROCESSOR_IDENTIFIER=Intel64 Family 6 Model 69 Stepping 1, GenuineIntel



---------------  S Y S T E M  ---------------

OS: Windows 10.0 , 64 bit Build 17763 (10.0.17763.475)

CPU:total 4 (initial active 4) (2 cores per cpu, 2 threads per core) family 6 model 69 stepping 1, cmov, cx8, fxsr, mmx, sse, sse2, sse3, ssse3, sse4.1, sse4.2, popcnt, avx, avx2, aes, clmul, erms, lzcnt, ht, tsc, tscinvbit, bmi1, bmi2

Memory: 4k page, physical 8266840k(3288776k free), swap 9577560k(1833768k free)

vm_info: Java HotSpot(TM) 64-Bit Server VM (25.201-b09) for windows-amd64 JRE (1.8.0_201-b09), built on Dec 15 2018 18:36:39 by "java_re" with MS VC++ 10.0 (VS2010)

time: Tue Jan 12 19:20:00 2021
timezone: India Standard Time
elapsed time: 1067 seconds (0d 0h 17m 47s)

